This is pdfTeX, Version 3.1415926-2.5-1.40.14 (TeX Live 2013) (format=pdflatex 2013.7.15)  14 NOV 2013 16:39
entering extended mode
 restricted \write18 enabled.
 %&-line parsing enabled.
**tree_penguin.tex
(./tree_penguin.tex
LaTeX2e <2011/06/27>
Babel <3.9f> and hyphenation patterns for 54 languages loaded.

(/localstore/bfys/jleerdam/local/texlive/2013/texmf-dist/tex/latex/base/article
.cls
Document Class: article 2007/10/19 v1.4h Standard LaTeX document class

(/localstore/bfys/jleerdam/local/texlive/2013/texmf-dist/tex/latex/base/size12.
clo
File: size12.clo 2007/10/19 v1.4h Standard LaTeX file (size option)
)
\c@part=\count79
\c@section=\count80
\c@subsection=\count81
\c@subsubsection=\count82
\c@paragraph=\count83
\c@subparagraph=\count84
\c@figure=\count85
\c@table=\count86
\abovecaptionskip=\skip41
\belowcaptionskip=\skip42
\bibindent=\dimen102
)
(/localstore/bfys/jleerdam/local/texlive/2013/texmf-dist/tex/latex/feynmf/feynm
p.sty
Package: feynmp 1996/12/02 v1.08 LaTeX/MetaPost Feynman Diagram Package (ohl)

(/localstore/bfys/jleerdam/local/texlive/2013/texmf-dist/tex/latex/graphics/gra
phics.sty
Package: graphics 2009/02/05 v1.0o Standard LaTeX Graphics (DPC,SPQR)

(/localstore/bfys/jleerdam/local/texlive/2013/texmf-dist/tex/latex/graphics/tri
g.sty
Package: trig 1999/03/16 v1.09 sin cos tan (DPC)
)
(/localstore/bfys/jleerdam/local/texlive/2013/texmf-dist/tex/latex/latexconfig/
graphics.cfg
File: graphics.cfg 2010/04/23 v1.9 graphics configuration of TeX Live
)
Package graphics Info: Driver file: pdftex.def on input line 91.

(/localstore/bfys/jleerdam/local/texlive/2013/texmf-dist/tex/latex/pdftex-def/p
dftex.def
File: pdftex.def 2011/05/27 v0.06d Graphics/color for pdfTeX

(/localstore/bfys/jleerdam/local/texlive/2013/texmf-dist/tex/generic/oberdiek/i
nfwarerr.sty
Package: infwarerr 2010/04/08 v1.3 Providing info/warning/error messages (HO)
)
(/localstore/bfys/jleerdam/local/texlive/2013/texmf-dist/tex/generic/oberdiek/l
txcmds.sty
Package: ltxcmds 2011/11/09 v1.22 LaTeX kernel commands for general use (HO)
)
\Gread@gobject=\count87
))
\@outfmf=\write3
\fmfbuf@=\toks14
\c@fmfgraph=\count88
)
(/localstore/bfys/jleerdam/local/texlive/2013/texmf-dist/tex/generic/oberdiek/i
fpdf.sty
Package: ifpdf 2011/01/30 v2.3 Provides the ifpdf switch (HO)
Package ifpdf Info: pdfTeX in PDF mode is detected.
) (./tree_penguin.aux)
\openout1 = `tree_penguin.aux'.

LaTeX Font Info:    Checking defaults for OML/cmm/m/it on input line 13.
LaTeX Font Info:    ... okay on input line 13.
LaTeX Font Info:    Checking defaults for T1/cmr/m/n on input line 13.
LaTeX Font Info:    ... okay on input line 13.
LaTeX Font Info:    Checking defaults for OT1/cmr/m/n on input line 13.
LaTeX Font Info:    ... okay on input line 13.
LaTeX Font Info:    Checking defaults for OMS/cmsy/m/n on input line 13.
LaTeX Font Info:    ... okay on input line 13.
LaTeX Font Info:    Checking defaults for OMX/cmex/m/n on input line 13.
LaTeX Font Info:    ... okay on input line 13.
LaTeX Font Info:    Checking defaults for U/cmr/m/n on input line 13.
LaTeX Font Info:    ... okay on input line 13.

(/localstore/bfys/jleerdam/local/texlive/2013/texmf-dist/tex/context/base/supp-
pdf.mkii
[Loading MPS to PDF converter (version 2006.09.02).]
\scratchcounter=\count89
\scratchdimen=\dimen103
\scratchbox=\box26
\nofMPsegments=\count90
\nofMParguments=\count91
\everyMPshowfont=\toks15
\MPscratchCnt=\count92
\MPscratchDim=\dimen104
\MPnumerator=\count93
\makeMPintoPDFobject=\count94
\everyMPtoPDFconversion=\toks16
)
(/localstore/bfys/jleerdam/local/texlive/2013/texmf-dist/tex/generic/oberdiek/p
dftexcmds.sty
Package: pdftexcmds 2011/11/29 v0.20 Utility functions of pdfTeX for LuaTeX (HO
)

(/localstore/bfys/jleerdam/local/texlive/2013/texmf-dist/tex/generic/oberdiek/i
fluatex.sty
Package: ifluatex 2010/03/01 v1.3 Provides the ifluatex switch (HO)
Package ifluatex Info: LuaTeX not detected.
)
Package pdftexcmds Info: LuaTeX not detected.
Package pdftexcmds Info: \pdf@primitive is available.
Package pdftexcmds Info: \pdf@ifprimitive is available.
Package pdftexcmds Info: \pdfdraftmode found.
)
(/localstore/bfys/jleerdam/local/texlive/2013/texmf-dist/tex/latex/oberdiek/eps
topdf-base.sty
Package: epstopdf-base 2010/02/09 v2.5 Base part for package epstopdf

(/localstore/bfys/jleerdam/local/texlive/2013/texmf-dist/tex/latex/oberdiek/grf
ext.sty
Package: grfext 2010/08/19 v1.1 Manage graphics extensions (HO)

(/localstore/bfys/jleerdam/local/texlive/2013/texmf-dist/tex/generic/oberdiek/k
vdefinekeys.sty
Package: kvdefinekeys 2011/04/07 v1.3 Define keys (HO)
))
(/localstore/bfys/jleerdam/local/texlive/2013/texmf-dist/tex/latex/oberdiek/kvo
ptions.sty
Package: kvoptions 2011/06/30 v3.11 Key value format for package options (HO)

(/localstore/bfys/jleerdam/local/texlive/2013/texmf-dist/tex/latex/graphics/key
val.sty
Package: keyval 1999/03/16 v1.13 key=value parser (DPC)
\KV@toks@=\toks17
)
(/localstore/bfys/jleerdam/local/texlive/2013/texmf-dist/tex/generic/oberdiek/k
vsetkeys.sty
Package: kvsetkeys 2012/04/25 v1.16 Key value parser (HO)

(/localstore/bfys/jleerdam/local/texlive/2013/texmf-dist/tex/generic/oberdiek/e
texcmds.sty
Package: etexcmds 2011/02/16 v1.5 Avoid name clashes with e-TeX commands (HO)
Package etexcmds Info: Could not find \expanded.
(etexcmds)             That can mean that you are not using pdfTeX 1.50 or
(etexcmds)             that some package has redefined \expanded.
(etexcmds)             In the latter case, load this package earlier.
)))
Package grfext Info: Graphics extension search list:
(grfext)             [.png,.pdf,.jpg,.mps,.jpeg,.jbig2,.jb2,.PNG,.PDF,.JPG,.JPE
G,.JBIG2,.JB2,.eps]
(grfext)             \AppendGraphicsExtensions on input line 452.

(/localstore/bfys/jleerdam/local/texlive/2013/texmf-dist/tex/latex/latexconfig/
epstopdf-sys.cfg
File: epstopdf-sys.cfg 2010/07/13 v1.3 Configuration of (r)epstopdf for TeX Liv
e
))
\openout3 = `tree1.mp'.

File: tree1.1 Graphic file (type mps)
 [MP to PDF] (./tree1.1) (./tree1.t1
LaTeX Font Info:    External font `cmex10' loaded for size
(Font)              <12> on input line 2.
LaTeX Font Info:    External font `cmex10' loaded for size
(Font)              <8> on input line 2.
LaTeX Font Info:    External font `cmex10' loaded for size
(Font)              <6> on input line 2.
)
\openout3 = `penguin1.mp'.

File: penguin1.1 Graphic file (type mps)
 [MP to PDF]
(./penguin1.1) (./penguin1.t1) [1

{/localstore/bfys/jleerdam/local/texlive/2013/texmf-var/fonts/map/pdftex/updmap
/pdftex.map}] (./tree_penguin.aux) ) 
Here is how much of TeX's memory you used:
 1651 strings out of 493868
 23300 string characters out of 6147087
 79971 words of memory out of 5000000
 5077 multiletter control sequences out of 15000+600000
 6376 words of font info for 23 fonts, out of 8000000 for 9000
 621 hyphenation exceptions out of 8191
 37i,9n,25p,269b,371s stack positions out of 5000i,500n,10000p,200000b,80000s
</localstore/bfys/jleerdam/local/texlive/20
13/texmf-dist/fonts/type1/public/amsfonts/cm/cmmi12.pfb></localstore/bfys/jleer
dam/local/texlive/2013/texmf-dist/fonts/type1/public/amsfonts/cm/cmmi8.pfb></lo
calstore/bfys/jleerdam/local/texlive/2013/texmf-dist/fonts/type1/public/amsfont
s/cm/cmr12.pfb></localstore/bfys/jleerdam/local/texlive/2013/texmf-dist/fonts/t
ype1/public/amsfonts/cm/cmr8.pfb></localstore/bfys/jleerdam/local/texlive/2013/
texmf-dist/fonts/type1/public/amsfonts/cm/cmsy8.pfb>
Output written on tree_penguin.pdf (1 page, 42983 bytes).
PDF statistics:
 28 PDF objects out of 1000 (max. 8388607)
 19 compressed objects within 1 object stream
 0 named destinations out of 1000 (max. 500000)
 1 words of extra memory for PDF output out of 10000 (max. 10000000)

