This is XeTeX, Version 3.1415926-2.5-0.9999.3 (TeX Live 2013) (format=xelatex 2014.5.5)  5 JUL 2015 16:58
entering extended mode
 restricted \write18 enabled.
 %&-line parsing enabled.
**b-d-triangle.tex
(./b-d-triangle.tex
LaTeX2e <2011/06/27>
Babel <3.9k> and hyphenation patterns for 78 languages loaded.

(/home/jeroen/local/texlive/2013/texmf-dist/tex/latex/standalone/standalone.cls
Document Class: standalone 2012/09/15 v1.1b Class to compile TeX sub-files stan
dalone
(/home/jeroen/local/texlive/2013/texmf-dist/tex/generic/oberdiek/ifluatex.sty
Package: ifluatex 2010/03/01 v1.3 Provides the ifluatex switch (HO)
Package ifluatex Info: LuaTeX not detected.
)
(/home/jeroen/local/texlive/2013/texmf-dist/tex/generic/oberdiek/ifpdf.sty
Package: ifpdf 2011/01/30 v2.3 Provides the ifpdf switch (HO)
Package ifpdf Info: pdfTeX in PDF mode is not detected.
)
(/home/jeroen/local/texlive/2013/texmf-dist/tex/generic/ifxetex/ifxetex.sty
Package: ifxetex 2010/09/12 v0.6 Provides ifxetex conditional
)
(/home/jeroen/local/texlive/2013/texmf-dist/tex/latex/xkeyval/xkeyval.sty
Package: xkeyval 2012/10/14 v2.6b package option processing (HA)

(/home/jeroen/local/texlive/2013/texmf-dist/tex/generic/xkeyval/xkeyval.tex
\XKV@toks=\toks14
\XKV@tempa@toks=\toks15
\XKV@depth=\count80
File: xkeyval.tex 2012/10/14 v2.6b key=value parser (HA)

(/home/jeroen/local/texlive/2013/texmf-dist/tex/generic/xkeyval/keyval.tex)))
\sa@internal=\count81

(/home/jeroen/local/texlive/2013/texmf-dist/tex/latex/standalone/standalone.cfg
File: standalone.cfg 2012/09/15 v1.1b Default configuration file for 'standalon
e' class
) (/home/jeroen/local/texlive/2013/texmf-dist/tex/latex/base/article.cls
Document Class: article 2007/10/19 v1.4h Standard LaTeX document class
(/home/jeroen/local/texlive/2013/texmf-dist/tex/latex/base/size11.clo
File: size11.clo 2007/10/19 v1.4h Standard LaTeX file (size option)
)
\c@part=\count82
\c@section=\count83
\c@subsection=\count84
\c@subsubsection=\count85
\c@paragraph=\count86
\c@subparagraph=\count87
\c@figure=\count88
\c@table=\count89
\abovecaptionskip=\skip41
\belowcaptionskip=\skip42
\bibindent=\dimen102
)
\sa@box=\box26
)
(/home/jeroen/local/texlive/2013/texmf-dist/tex/latex/graphics/color.sty
Package: color 2005/11/14 v1.0j Standard LaTeX Color (DPC)

(/home/jeroen/local/texlive/2013/texmf-dist/tex/latex/latexconfig/color.cfg
File: color.cfg 2007/01/18 v1.5 color configuration of teTeX/TeXLive
)
Package color Info: Driver file: xetex.def on input line 130.

(/home/jeroen/local/texlive/2013/texmf-dist/tex/xelatex/xetex-def/xetex.def
File: xetex.def 2014/04/07 v0.99 LaTeX color/graphics driver for XeTeX (RRM/JK)

))
(/home/jeroen/local/texlive/2013/texmf-dist/tex/latex/xcolor/xcolor.sty
Package: xcolor 2007/01/21 v2.11 LaTeX color extensions (UK)

(/home/jeroen/local/texlive/2013/texmf-dist/tex/latex/latexconfig/color.cfg
File: color.cfg 2007/01/18 v1.5 color configuration of teTeX/TeXLive
)
Package xcolor Info: Driver file: xetex.def on input line 225.
LaTeX Info: Redefining \color on input line 702.
Package xcolor Info: Model `cmy' substituted by `cmy0' on input line 1337.
Package xcolor Info: Model `RGB' extended on input line 1353.
Package xcolor Info: Model `HTML' substituted by `rgb' on input line 1355.
Package xcolor Info: Model `Hsb' substituted by `hsb' on input line 1356.
Package xcolor Info: Model `tHsb' substituted by `hsb' on input line 1357.
Package xcolor Info: Model `HSB' substituted by `hsb' on input line 1358.
Package xcolor Info: Model `Gray' substituted by `gray' on input line 1359.
Package xcolor Info: Model `wave' substituted by `hsb' on input line 1360.
)
(/home/jeroen/local/texlive/2013/texmf-dist/tex/latex/amsmath/amsmath.sty
Package: amsmath 2013/01/14 v2.14 AMS math features
\@mathmargin=\skip43

For additional information on amsmath, use the `?' option.
(/home/jeroen/local/texlive/2013/texmf-dist/tex/latex/amsmath/amstext.sty
Package: amstext 2000/06/29 v2.01

(/home/jeroen/local/texlive/2013/texmf-dist/tex/latex/amsmath/amsgen.sty
File: amsgen.sty 1999/11/30 v2.0
\@emptytoks=\toks16
\ex@=\dimen103
))
(/home/jeroen/local/texlive/2013/texmf-dist/tex/latex/amsmath/amsbsy.sty
Package: amsbsy 1999/11/29 v1.2d
\pmbraise@=\dimen104
)
(/home/jeroen/local/texlive/2013/texmf-dist/tex/latex/amsmath/amsopn.sty
Package: amsopn 1999/12/14 v2.01 operator names
)
\inf@bad=\count90
LaTeX Info: Redefining \frac on input line 210.
\uproot@=\count91
\leftroot@=\count92
LaTeX Info: Redefining \overline on input line 306.
\classnum@=\count93
\DOTSCASE@=\count94
LaTeX Info: Redefining \ldots on input line 378.
LaTeX Info: Redefining \dots on input line 381.
LaTeX Info: Redefining \cdots on input line 466.
\Mathstrutbox@=\box27
\strutbox@=\box28
\big@size=\dimen105
LaTeX Font Info:    Redeclaring font encoding OML on input line 566.
LaTeX Font Info:    Redeclaring font encoding OMS on input line 567.
\macc@depth=\count95
\c@MaxMatrixCols=\count96
\dotsspace@=\muskip10
\c@parentequation=\count97
\dspbrk@lvl=\count98
\tag@help=\toks17
\row@=\count99
\column@=\count100
\maxfields@=\count101
\andhelp@=\toks18
\eqnshift@=\dimen106
\alignsep@=\dimen107
\tagshift@=\dimen108
\tagwidth@=\dimen109
\totwidth@=\dimen110
\lineht@=\dimen111
\@envbody=\toks19
\multlinegap=\skip44
\multlinetaggap=\skip45
\mathdisplay@stack=\toks20
LaTeX Info: Redefining \[ on input line 2665.
LaTeX Info: Redefining \] on input line 2666.
)
(/home/jeroen/local/texlive/2013/texmf-dist/tex/latex/xltxtra/xltxtra.sty
Package: xltxtra 2010/09/20 v0.5e Improvements for the "XeLaTeX" format

(/home/jeroen/local/texlive/2013/texmf-dist/tex/latex/fontspec/fontspec.sty
Package: fontspec 2013/05/20 v2.3c Font selection for XeLaTeX and LuaLaTeX

(/home/jeroen/local/texlive/2013/texmf-dist/tex/latex/l3kernel/expl3.sty
(/home/jeroen/local/texlive/2013/texmf-dist/tex/latex/l3kernel/l3names.sty
(/home/jeroen/local/texlive/2013/texmf-dist/tex/latex/l3kernel/l3bootstrap.sty
Package: l3bootstrap 2014/01/04 v4640 L3 Experimental bootstrap code
)
Package: l3names 2014/01/04 v4640 L3 Namespace for primitives
) (/home/jeroen/local/texlive/2013/texmf-dist/tex/latex/etex-pkg/etex.sty
Package: etex 1998/03/26 v2.0 eTeX basic definition package (PEB)
\et@xins=\count102
)
Package: expl3 2014/01/07 v4646 L3 Experimental code bundle wrapper

(/home/jeroen/local/texlive/2013/texmf-dist/tex/latex/l3kernel/l3basics.sty
Package: l3basics 2014/01/04 v4642 L3 Basic definitions
)
(/home/jeroen/local/texlive/2013/texmf-dist/tex/latex/l3kernel/l3expan.sty
Package: l3expan 2014/01/04 v4642 L3 Argument expansion
)
(/home/jeroen/local/texlive/2013/texmf-dist/tex/latex/l3kernel/l3tl.sty
Package: l3tl 2013/12/27 v4625 L3 Token lists
)
(/home/jeroen/local/texlive/2013/texmf-dist/tex/latex/l3kernel/l3seq.sty
Package: l3seq 2013/12/14 v4623 L3 Sequences and stacks
)
(/home/jeroen/local/texlive/2013/texmf-dist/tex/latex/l3kernel/l3int.sty
Package: l3int 2013/08/02 v4583 L3 Integers
\c_max_int=\count103
\l_tmpa_int=\count104
\l_tmpb_int=\count105
\g_tmpa_int=\count106
\g_tmpb_int=\count107
)
(/home/jeroen/local/texlive/2013/texmf-dist/tex/latex/l3kernel/l3quark.sty
Package: l3quark 2013/12/14 v4623 L3 Quarks
)
(/home/jeroen/local/texlive/2013/texmf-dist/tex/latex/l3kernel/l3prg.sty
Package: l3prg 2014/01/04 v4642 L3 Control structures
\g__prg_map_int=\count108
)
(/home/jeroen/local/texlive/2013/texmf-dist/tex/latex/l3kernel/l3clist.sty
Package: l3clist 2013/07/28 v4581 L3 Comma separated lists
)
(/home/jeroen/local/texlive/2013/texmf-dist/tex/latex/l3kernel/l3token.sty
Package: l3token 2013/08/25 v4587 L3 Experimental token manipulation
)
(/home/jeroen/local/texlive/2013/texmf-dist/tex/latex/l3kernel/l3prop.sty
Package: l3prop 2013/12/14 v4623 L3 Property lists
)
(/home/jeroen/local/texlive/2013/texmf-dist/tex/latex/l3kernel/l3msg.sty
Package: l3msg 2013/07/28 v4581 L3 Messages
)
(/home/jeroen/local/texlive/2013/texmf-dist/tex/latex/l3kernel/l3file.sty
Package: l3file 2013/10/13 v4596 L3 File and I/O operations
\l_iow_line_count_int=\count109
\l__iow_target_count_int=\count110
\l__iow_current_line_int=\count111
\l__iow_current_word_int=\count112
\l__iow_current_indentation_int=\count113
)
(/home/jeroen/local/texlive/2013/texmf-dist/tex/latex/l3kernel/l3skip.sty
Package: l3skip 2013/07/28 v4581 L3 Dimensions and skips
\c_zero_dim=\dimen112
\c_max_dim=\dimen113
\l_tmpa_dim=\dimen114
\l_tmpb_dim=\dimen115
\g_tmpa_dim=\dimen116
\g_tmpb_dim=\dimen117
\c_zero_skip=\skip46
\c_max_skip=\skip47
\l_tmpa_skip=\skip48
\l_tmpb_skip=\skip49
\g_tmpa_skip=\skip50
\g_tmpb_skip=\skip51
\c_zero_muskip=\muskip11
\c_max_muskip=\muskip12
\l_tmpa_muskip=\muskip13
\l_tmpb_muskip=\muskip14
\g_tmpa_muskip=\muskip15
\g_tmpb_muskip=\muskip16
)
(/home/jeroen/local/texlive/2013/texmf-dist/tex/latex/l3kernel/l3keys.sty
Package: l3keys 2013/12/08 v4614 L3 Experimental key-value interfaces
\g__keyval_level_int=\count114
\l_keys_choice_int=\count115
)
(/home/jeroen/local/texlive/2013/texmf-dist/tex/latex/l3kernel/l3fp.sty
Package: l3fp 2014/01/04 v4642 L3 Floating points
\c__fp_leading_shift_int=\count116
\c__fp_middle_shift_int=\count117
\c__fp_trailing_shift_int=\count118
\c__fp_big_leading_shift_int=\count119
\c__fp_big_middle_shift_int=\count120
\c__fp_big_trailing_shift_int=\count121
\c__fp_Bigg_leading_shift_int=\count122
\c__fp_Bigg_middle_shift_int=\count123
\c__fp_Bigg_trailing_shift_int=\count124
)
(/home/jeroen/local/texlive/2013/texmf-dist/tex/latex/l3kernel/l3box.sty
Package: l3box 2013/07/28 v4581 L3 Experimental boxes
\c_empty_box=\box29
\l_tmpa_box=\box30
\l_tmpb_box=\box31
\g_tmpa_box=\box32
\g_tmpb_box=\box33
)
(/home/jeroen/local/texlive/2013/texmf-dist/tex/latex/l3kernel/l3coffins.sty
Package: l3coffins 2013/12/14 v4624 L3 Coffin code layer
\l__coffin_internal_box=\box34
\l__coffin_internal_dim=\dimen118
\l__coffin_offset_x_dim=\dimen119
\l__coffin_offset_y_dim=\dimen120
\l__coffin_x_dim=\dimen121
\l__coffin_y_dim=\dimen122
\l__coffin_x_prime_dim=\dimen123
\l__coffin_y_prime_dim=\dimen124
\c_empty_coffin=\box35
\l__coffin_aligned_coffin=\box36
\l__coffin_aligned_internal_coffin=\box37
\l_tmpa_coffin=\box38
\l_tmpb_coffin=\box39
\l__coffin_display_coffin=\box40
\l__coffin_display_coord_coffin=\box41
\l__coffin_display_pole_coffin=\box42
\l__coffin_display_offset_dim=\dimen125
\l__coffin_display_x_dim=\dimen126
\l__coffin_display_y_dim=\dimen127
)
(/home/jeroen/local/texlive/2013/texmf-dist/tex/latex/l3kernel/l3color.sty
Package: l3color 2012/08/29 v4156 L3 Experimental color support
)
(/home/jeroen/local/texlive/2013/texmf-dist/tex/latex/l3kernel/l3luatex.sty
Package: l3luatex 2013/07/28 v4581 L3 Experimental LuaTeX-specific functions
\g__cctab_allocate_int=\count125
\g__cctab_stack_int=\count126
)
(/home/jeroen/local/texlive/2013/texmf-dist/tex/latex/l3kernel/l3candidates.sty
Package: l3candidates 2014/01/06 v4643 L3 Experimental additions to l3kernel
\l__box_top_dim=\dimen128
\l__box_bottom_dim=\dimen129
\l__box_left_dim=\dimen130
\l__box_right_dim=\dimen131
\l__box_top_new_dim=\dimen132
\l__box_bottom_new_dim=\dimen133
\l__box_left_new_dim=\dimen134
\l__box_right_new_dim=\dimen135
\l__box_internal_box=\box43
\l__coffin_bounding_shift_dim=\dimen136
\l__coffin_left_corner_dim=\dimen137
\l__coffin_right_corner_dim=\dimen138
\l__coffin_bottom_corner_dim=\dimen139
\l__coffin_top_corner_dim=\dimen140
\l__coffin_scaled_total_height_dim=\dimen141
\l__coffin_scaled_width_dim=\dimen142
))
(/home/jeroen/local/texlive/2013/texmf-dist/tex/latex/l3packages/xparse/xparse.
sty
Package: xparse 2013/12/31 v4634 L3 Experimental document command parser
\l__xparse_current_arg_int=\count127
\l__xparse_m_args_int=\count128
\l__xparse_mandatory_args_int=\count129
\l__xparse_processor_int=\count130
\l__xparse_v_nesting_int=\count131
)
\l_fontspec_script_int=\count132
\l_fontspec_language_int=\count133
\l_fontspec_strnum_int=\count134
\l_fontspec_tmpa_dim=\dimen143
\l_fontspec_tmpb_dim=\dimen144
\l_fontspec_tmpc_dim=\dimen145
Variant \tl_gset:cV already defined; not changing it on line 69

(/home/jeroen/local/texlive/2013/texmf-dist/tex/latex/fontspec/fontspec-patches
.sty
Package: fontspec-patches 2013/05/20 v2.3c Font selection for XeLaTeX and LuaLa
TeX
 (/home/jeroen/local/texlive/2013/texmf-dist/tex/latex/base/fixltx2e.sty
Package: fixltx2e 2006/09/13 v1.1m fixes to LaTeX
LaTeX Info: Redefining \em on input line 420.
LaTeX Info: The control sequence `\[' is already robust on input line 471.
LaTeX Info: The control sequence `\]' is already robust on input line 472.
)
LaTeX Info: Redefining \em on input line 22.
LaTeX Info: Redefining \emph on input line 30.
LaTeX Info: Redefining \- on input line 33.

*************************************************
* LaTeX warning: "xparse/redefine-command"
* 
* Redefining document command \oldstylenums with arg. spec. 'm' on line 128.
*************************************************
.................................................
. LaTeX info: "xparse/define-command"
. 
. Defining document command \liningnums with arg. spec. 'm' on line 132.
.................................................
)
(/home/jeroen/local/texlive/2013/texmf-dist/tex/latex/fontspec/fontspec-xetex.s
ty
Package: fontspec-xetex 2013/05/20 v2.3c Font selection for XeLaTeX and LuaLaTe
X
 (/home/jeroen/local/texlive/2013/texmf-dist/tex/latex/base/fontenc.sty
Package: fontenc 2005/09/27 v1.99g Standard LaTeX package

(/home/jeroen/local/texlive/2013/texmf-dist/tex/latex/euenc/eu1enc.def
File: eu1enc.def 2010/05/27 v0.1h Experimental Unicode font encodings
)
LaTeX Font Info:    Try loading font information for EU1+lmr on input line 100.


(/home/jeroen/local/texlive/2013/texmf-dist/tex/latex/euenc/eu1lmr.fd
File: eu1lmr.fd 2009/10/30 v1.6 Font defs for Latin Modern
))
(/home/jeroen/local/texlive/2013/texmf-dist/tex/xelatex/xunicode/xunicode.sty
File: xunicode.sty 2011/09/09 v0.981 provides access to latin accents and many 
other characters in Unicode lower plane

(/home/jeroen/local/texlive/2013/texmf-dist/tex/latex/tipa/t3enc.def
File: t3enc.def 2001/12/31 T3 encoding
LaTeX Font Info:    Try loading font information for EU1+lmss on input line 357
.

(/home/jeroen/local/texlive/2013/texmf-dist/tex/latex/euenc/eu1lmss.fd
File: eu1lmss.fd 2009/10/30 v1.6 Font defs for Latin Modern
))
\tipaTiiicode=\count135
\tipasavetokens=\toks21
\tipachecktokens=\toks22

(/home/jeroen/local/texlive/2013/texmf-dist/tex/latex/graphics/graphicx.sty
Package: graphicx 1999/02/16 v1.0f Enhanced LaTeX Graphics (DPC,SPQR)

(/home/jeroen/local/texlive/2013/texmf-dist/tex/latex/graphics/graphics.sty
Package: graphics 2009/02/05 v1.0o Standard LaTeX Graphics (DPC,SPQR)

(/home/jeroen/local/texlive/2013/texmf-dist/tex/latex/graphics/trig.sty
Package: trig 1999/03/16 v1.09 sin cos tan (DPC)
)
(/home/jeroen/local/texlive/2013/texmf-dist/tex/latex/latexconfig/graphics.cfg
File: graphics.cfg 2010/04/23 v1.9 graphics configuration of TeX Live
)
Package graphics Info: Driver file: xetex.def on input line 91.
)
\Gin@req@height=\dimen146
\Gin@req@width=\dimen147
))
.................................................
. LaTeX info: "xparse/define-command"
. 
. Defining document command \fontspec with arg. spec. 'O{}m' on line 41.
.................................................
.................................................
. LaTeX info: "xparse/define-command"
. 
. Defining document command \setmainfont with arg. spec. 'O{}m' on line 46.
.................................................
.................................................
. LaTeX info: "xparse/define-command"
. 
. Defining document command \setsansfont with arg. spec. 'O{}m' on line 51.
.................................................
.................................................
. LaTeX info: "xparse/define-command"
. 
. Defining document command \setmonofont with arg. spec. 'O{}m' on line 56.
.................................................
.................................................
. LaTeX info: "xparse/define-command"
. 
. Defining document command \setmathrm with arg. spec. 'O{}m' on line 65.
.................................................
.................................................
. LaTeX info: "xparse/define-command"
. 
. Defining document command \setboldmathrm with arg. spec. 'O{}m' on line 69.
.................................................
.................................................
. LaTeX info: "xparse/define-command"
. 
. Defining document command \setmathsf with arg. spec. 'O{}m' on line 73.
.................................................
.................................................
. LaTeX info: "xparse/define-command"
. 
. Defining document command \setmathtt with arg. spec. 'O{}m' on line 77.
.................................................
.................................................
. LaTeX info: "xparse/define-command"
. 
. Defining document command \newfontfamily with arg. spec. 'mO{}m' on line 96.
.................................................
.................................................
. LaTeX info: "xparse/define-command"
. 
. Defining document command \newfontface with arg. spec. 'mO{}m' on line 100.
.................................................
.................................................
. LaTeX info: "xparse/define-command"
. 
. Defining document command \defaultfontfeatures with arg. spec. 'om' on line
. 108.
.................................................
.................................................
. LaTeX info: "xparse/define-command"
. 
. Defining document command \addfontfeatures with arg. spec. 'm' on line 144.
.................................................
.................................................
. LaTeX info: "xparse/define-command"
. 
. Defining document command \newfontfeature with arg. spec. 'mm' on line 156.
.................................................
.................................................
. LaTeX info: "xparse/define-command"
. 
. Defining document command \newAATfeature with arg. spec. 'mmmm' on line 164.
.................................................
.................................................
. LaTeX info: "xparse/define-command"
. 
. Defining document command \newICUfeature with arg. spec. 'mmm' on line 172.
.................................................
.................................................
. LaTeX info: "xparse/define-command"
. 
. Defining document command \aliasfontfeature with arg. spec. 'mm' on line
. 201.
.................................................
.................................................
. LaTeX info: "xparse/define-command"
. 
. Defining document command \aliasfontfeatureoption with arg. spec. 'mmm' on
. line 203.
.................................................
.................................................
. LaTeX info: "xparse/define-command"
. 
. Defining document command \newfontscript with arg. spec. 'mm' on line 208.
.................................................
.................................................
. LaTeX info: "xparse/define-command"
. 
. Defining document command \newfontlanguage with arg. spec. 'mm' on line 235.
.................................................
.................................................
. LaTeX info: "xparse/define-command"
. 
. Defining document command \DeclareFontsExtensions with arg. spec. 'm' on
. line 256.
.................................................
Variant \prop_gput:cnV already defined; not changing it on line 582
Variant \prop_gput:cnx already defined; not changing it on line 583
\l_fontspec_tmp_int=\count136
LaTeX Info: Redefining \itshape on input line 2087.
LaTeX Info: Redefining \slshape on input line 2092.
LaTeX Info: Redefining \scshape on input line 2097.
LaTeX Info: Redefining \upshape on input line 2102.
 (/home/jeroen/local/texlive/2013/texmf-dist/tex/latex/fontspec/fontspec.cfg)))

(/home/jeroen/local/texlive/2013/texmf-dist/tex/latex/realscripts/realscripts.s
ty
Package: realscripts 2013/03/18 v0.3c Access OpenType subscripts and superscrip
ts
.................................................
. LaTeX info: "xparse/define-command"
. 
. Defining document command \fakesubscript with arg. spec. 'm' on line 19.
.................................................
.................................................
. LaTeX info: "xparse/define-command"
. 
. Defining document command \fakesuperscript with arg. spec. 'm' on line 22.
.................................................

*************************************************
* LaTeX warning: "xparse/redefine-command"
* 
* Redefining document command \textsubscript with arg. spec. 's' on line 25.
*************************************************
*************************************************
* LaTeX warning: "xparse/redefine-command"
* 
* Redefining document command \textsuperscript with arg. spec. 's' on line 28.
*************************************************
.................................................
. LaTeX info: "xparse/define-command"
. 
. Defining document command \realsubscript with arg. spec. 'm' on line 45.
.................................................
.................................................
. LaTeX info: "xparse/define-command"
. 
. Defining document command \realsuperscript with arg. spec. 'm' on line 60.
.................................................
.................................................
. LaTeX info: "xparse/define-command"
. 
. Defining document command \textsubsuperscript with arg. spec. 'sO{l}mm' on
. line 138.
.................................................
.................................................
. LaTeX info: "xparse/define-command"
. 
. Defining document command \textsupersubscript with arg. spec. 'sO{l}mm' on
. line 143.
.................................................
\subsupersep=\dimen148
) (/home/jeroen/local/texlive/2013/texmf-dist/tex/latex/metalogo/metalogo.sty
Package: metalogo 2010/05/29 v0.12 Extended TeX logo macros
\xl@everylogo=\toks23
\xl@@everylogo=\toks24
LaTeX Info: Redefining \TeX on input line 193.
LaTeX Info: Redefining \LaTeX on input line 202.
LaTeX Info: Redefining \LaTeXe on input line 219.
)
\xxt@tempbox=\box44
) (/home/jeroen/local/texlive/2013/texmf-dist/tex/latex/libertine/libertine.sty
Package: libertine 2014/02/19 (Bob Tennent) Supports Libertine and Biolinum fon
ts for all LaTeX engines.

(/home/jeroen/local/texlive/2013/texmf-dist/tex/latex/base/textcomp.sty
Package: textcomp 2005/09/27 v1.99g Standard LaTeX package
Package textcomp Info: Sub-encoding information:
(textcomp)               5 = only ISO-Adobe without \textcurrency
(textcomp)               4 = 5 + \texteuro
(textcomp)               3 = 4 + \textohm
(textcomp)               2 = 3 + \textestimated + \textcurrency
(textcomp)               1 = TS1 - \textcircled - \t
(textcomp)               0 = TS1 (full)
(textcomp)             Font families with sub-encoding setting implement
(textcomp)             only a restricted character set as indicated.
(textcomp)             Family '?' is the default used for unknown fonts.
(textcomp)             See the documentation for details.
Package textcomp Info: Setting ? sub-encoding to TS1/1 on input line 71.

(/home/jeroen/local/texlive/2013/texmf-dist/tex/latex/base/ts1enc.def
File: ts1enc.def 2001/06/05 v3.0e (jk/car/fm) Standard LaTeX file
)
LaTeX Info: Redefining \oldstylenums on input line 266.
Package textcomp Info: Setting cmr sub-encoding to TS1/0 on input line 281.
Package textcomp Info: Setting cmss sub-encoding to TS1/0 on input line 282.
Package textcomp Info: Setting cmtt sub-encoding to TS1/0 on input line 283.
Package textcomp Info: Setting cmvtt sub-encoding to TS1/0 on input line 284.
Package textcomp Info: Setting cmbr sub-encoding to TS1/0 on input line 285.
Package textcomp Info: Setting cmtl sub-encoding to TS1/0 on input line 286.
Package textcomp Info: Setting ccr sub-encoding to TS1/0 on input line 287.
Package textcomp Info: Setting ptm sub-encoding to TS1/4 on input line 288.
Package textcomp Info: Setting pcr sub-encoding to TS1/4 on input line 289.
Package textcomp Info: Setting phv sub-encoding to TS1/4 on input line 290.
Package textcomp Info: Setting ppl sub-encoding to TS1/3 on input line 291.
Package textcomp Info: Setting pag sub-encoding to TS1/4 on input line 292.
Package textcomp Info: Setting pbk sub-encoding to TS1/4 on input line 293.
Package textcomp Info: Setting pnc sub-encoding to TS1/4 on input line 294.
Package textcomp Info: Setting pzc sub-encoding to TS1/4 on input line 295.
Package textcomp Info: Setting bch sub-encoding to TS1/4 on input line 296.
Package textcomp Info: Setting put sub-encoding to TS1/5 on input line 297.
Package textcomp Info: Setting uag sub-encoding to TS1/5 on input line 298.
Package textcomp Info: Setting ugq sub-encoding to TS1/5 on input line 299.
Package textcomp Info: Setting ul8 sub-encoding to TS1/4 on input line 300.
Package textcomp Info: Setting ul9 sub-encoding to TS1/4 on input line 301.
Package textcomp Info: Setting augie sub-encoding to TS1/5 on input line 302.
Package textcomp Info: Setting dayrom sub-encoding to TS1/3 on input line 303.
Package textcomp Info: Setting dayroms sub-encoding to TS1/3 on input line 304.

Package textcomp Info: Setting pxr sub-encoding to TS1/0 on input line 305.
Package textcomp Info: Setting pxss sub-encoding to TS1/0 on input line 306.
Package textcomp Info: Setting pxtt sub-encoding to TS1/0 on input line 307.
Package textcomp Info: Setting txr sub-encoding to TS1/0 on input line 308.
Package textcomp Info: Setting txss sub-encoding to TS1/0 on input line 309.
Package textcomp Info: Setting txtt sub-encoding to TS1/0 on input line 310.
Package textcomp Info: Setting lmr sub-encoding to TS1/0 on input line 311.
Package textcomp Info: Setting lmdh sub-encoding to TS1/0 on input line 312.
Package textcomp Info: Setting lmss sub-encoding to TS1/0 on input line 313.
Package textcomp Info: Setting lmssq sub-encoding to TS1/0 on input line 314.
Package textcomp Info: Setting lmvtt sub-encoding to TS1/0 on input line 315.
Package textcomp Info: Setting qhv sub-encoding to TS1/0 on input line 316.
Package textcomp Info: Setting qag sub-encoding to TS1/0 on input line 317.
Package textcomp Info: Setting qbk sub-encoding to TS1/0 on input line 318.
Package textcomp Info: Setting qcr sub-encoding to TS1/0 on input line 319.
Package textcomp Info: Setting qcs sub-encoding to TS1/0 on input line 320.
Package textcomp Info: Setting qpl sub-encoding to TS1/0 on input line 321.
Package textcomp Info: Setting qtm sub-encoding to TS1/0 on input line 322.
Package textcomp Info: Setting qzc sub-encoding to TS1/0 on input line 323.
Package textcomp Info: Setting qhvc sub-encoding to TS1/0 on input line 324.
Package textcomp Info: Setting futs sub-encoding to TS1/4 on input line 325.
Package textcomp Info: Setting futx sub-encoding to TS1/4 on input line 326.
Package textcomp Info: Setting futj sub-encoding to TS1/4 on input line 327.
Package textcomp Info: Setting hlh sub-encoding to TS1/3 on input line 328.
Package textcomp Info: Setting hls sub-encoding to TS1/3 on input line 329.
Package textcomp Info: Setting hlst sub-encoding to TS1/3 on input line 330.
Package textcomp Info: Setting hlct sub-encoding to TS1/5 on input line 331.
Package textcomp Info: Setting hlx sub-encoding to TS1/5 on input line 332.
Package textcomp Info: Setting hlce sub-encoding to TS1/5 on input line 333.
Package textcomp Info: Setting hlcn sub-encoding to TS1/5 on input line 334.
Package textcomp Info: Setting hlcw sub-encoding to TS1/5 on input line 335.
Package textcomp Info: Setting hlcf sub-encoding to TS1/5 on input line 336.
Package textcomp Info: Setting pplx sub-encoding to TS1/3 on input line 337.
Package textcomp Info: Setting pplj sub-encoding to TS1/3 on input line 338.
Package textcomp Info: Setting ptmx sub-encoding to TS1/4 on input line 339.
Package textcomp Info: Setting ptmj sub-encoding to TS1/4 on input line 340.
)
\g__file_internal_ior=\read1
Requested font "[LinLibertine_R.otf]/ICU" at 10.0pt
 -> /home/jeroen/local/texlive/2013/texmf-dist/fonts/opentype/public/libertine/
LinLibertine_R.otf
\g_fontspec_family_LinLibertine_int=\count137
Requested font "[LinLibertine_RB.otf]/ICU" at 10.0pt
 -> /home/jeroen/local/texlive/2013/texmf-dist/fonts/opentype/public/libertine/
LinLibertine_RB.otf
Requested font "[LinLibertine_RI.otf]/ICU" at 10.0pt
 -> /home/jeroen/local/texlive/2013/texmf-dist/fonts/opentype/public/libertine/
LinLibertine_RI.otf
Requested font "[LinLibertine_RBI.otf]/ICU" at 10.0pt
 -> /home/jeroen/local/texlive/2013/texmf-dist/fonts/opentype/public/libertine/
LinLibertine_RBI.otf
.................................................
. fontspec info: "defining-font"
. 
. Font family 'LinLibertine(0)' created for font 'LinLibertine' with options [
. Ligatures = TeX , Extension = .otf , SmallCapsFeatures={Letters=SmallCaps} ,
. , Numbers = {Monospaced,Lining}, UprightFont = *_R, ItalicFont = *_RI,
. BoldFont = *_RB, BoldItalicFont = *_RBI, ].
. 
. This font family consists of the following shapes:
. 
. * 'normal' with NFSS spec.:
. 
. <->"[LinLibertine_R.otf]/ICU:script=latn;language=DFLT;mapping=tex-text;+tnum
;+lnum;"
. 
. * 'small caps' with NFSS spec.:
. 
. <->"[LinLibertine_R.otf]/ICU:script=latn;language=DFLT;mapping=tex-text;+tnum
;+lnum;+smcp;+smcp;"
. 
. * 'bold' with NFSS spec.:
. 
. <->"[LinLibertine_RB.otf]/ICU:script=latn;language=DFLT;mapping=tex-text;+tnu
m;+lnum;"
. 
. * 'bold small caps' with NFSS spec.:
. 
. <->"[LinLibertine_RB.otf]/ICU:script=latn;language=DFLT;mapping=tex-text;+tnu
m;+lnum;+smcp;+smcp;"
. 
. * 'italic' with NFSS spec.:
. 
. <->"[LinLibertine_RI.otf]/ICU:script=latn;language=DFLT;mapping=tex-text;+tnu
m;+lnum;"
. 
. * 'italic small caps' with NFSS spec.:
. 
. <->"[LinLibertine_RI.otf]/ICU:script=latn;language=DFLT;mapping=tex-text;+tnu
m;+lnum;+smcp;+smcp;"
. 
. * 'bold italic' with NFSS spec.:
. 
. <->"[LinLibertine_RBI.otf]/ICU:script=latn;language=DFLT;mapping=tex-text;+tn
um;+lnum;"
. 
. * 'bold italic small caps' with NFSS spec.:
. 
. <->"[LinLibertine_RBI.otf]/ICU:script=latn;language=DFLT;mapping=tex-text;+tn
um;+lnum;+smcp;+smcp;"
.................................................
Requested font "[LinLibertine_R.otf]/ICU:script=latn;language=DFLT;mapping=tex-
text;+tnum;+lnum;" at 10.0pt
 -> /home/jeroen/local/texlive/2013/texmf-dist/fonts/opentype/public/libertine/
LinLibertine_R.otf
Requested font "[LinBiolinum_R.otf]/ICU" at 10.0pt
 -> /home/jeroen/local/texlive/2013/texmf-dist/fonts/opentype/public/libertine/
LinBiolinum_R.otf
\g_fontspec_family_LinBiolinum_int=\count138
Requested font "[LinBiolinum_RB.otf]/ICU" at 10.0pt
 -> /home/jeroen/local/texlive/2013/texmf-dist/fonts/opentype/public/libertine/
LinBiolinum_RB.otf
Requested font "[LinBiolinum_RI.otf]/ICU" at 10.0pt
 -> /home/jeroen/local/texlive/2013/texmf-dist/fonts/opentype/public/libertine/
LinBiolinum_RI.otf
Requested font "[LinBiolinum_RBO.otf]/ICU" at 10.0pt
 -> /home/jeroen/local/texlive/2013/texmf-dist/fonts/opentype/public/libertine/
LinBiolinum_RBO.otf
.................................................
. fontspec info: "defining-font"
. 
. Font family 'LinBiolinum(0)' created for font 'LinBiolinum' with options [
. Ligatures = TeX , Extension = .otf , SmallCapsFeatures={Letters=SmallCaps} ,
. , Numbers = {Monospaced, } , Scale = 1, UprightFont = *_R , ItalicFont =
. *_RI , BoldFont = *_RB , BoldItalicFont = *_RBO , ].
. 
. This font family consists of the following shapes:
. 
. * 'normal' with NFSS spec.:
. 
. <->s*[1]"[LinBiolinum_R.otf]/ICU:script=latn;language=DFLT;mapping=tex-text;+
tnum;"
. 
. * 'small caps' with NFSS spec.:
. 
. <->s*[1]"[LinBiolinum_R.otf]/ICU:script=latn;language=DFLT;mapping=tex-text;+
tnum;+smcp;+smcp;"
. 
. * 'bold' with NFSS spec.:
. 
. <->s*[1]"[LinBiolinum_RB.otf]/ICU:script=latn;language=DFLT;mapping=tex-text;
+tnum;"
. 
. * 'bold small caps' with NFSS spec.:
. 
. <->s*[1]"[LinBiolinum_RB.otf]/ICU:script=latn;language=DFLT;mapping=tex-text;
+tnum;+smcp;+smcp;"
. 
. * 'italic' with NFSS spec.:
. 
. <->s*[1]"[LinBiolinum_RI.otf]/ICU:script=latn;language=DFLT;mapping=tex-text;
+tnum;"
. 
. * 'italic small caps' with NFSS spec.:
. 
. <->s*[1]"[LinBiolinum_RI.otf]/ICU:script=latn;language=DFLT;mapping=tex-text;
+tnum;+smcp;+smcp;"
. 
. * 'bold italic' with NFSS spec.:
. 
. <->s*[1]"[LinBiolinum_RBO.otf]/ICU:script=latn;language=DFLT;mapping=tex-text
;+tnum;"
. 
. * 'bold italic small caps' with NFSS spec.:
. 
. <->s*[1]"[LinBiolinum_RBO.otf]/ICU:script=latn;language=DFLT;mapping=tex-text
;+tnum;+smcp;+smcp;"
.................................................
.................................................
. fontspec info: "defining-font"
. 
. Font family 'LinLibertine(0)' created for font 'LinLibertine' with options [
. Ligatures = TeX , Extension = .otf , SmallCapsFeatures={Letters=SmallCaps} ,
. , Numbers = {Monospaced,Lining}, UprightFont = *_R, ItalicFont = *_RI,
. BoldFont = *_RB, BoldItalicFont = *_RBI, ].
. 
. This font family consists of the following shapes:
.................................................
Requested font "[LinLibertine_RZ.otf]/ICU" at 10.0pt
 -> /home/jeroen/local/texlive/2013/texmf-dist/fonts/opentype/public/libertine/
LinLibertine_RZ.otf
Requested font "[LinLibertine_RZI.otf]/ICU" at 10.0pt
 -> /home/jeroen/local/texlive/2013/texmf-dist/fonts/opentype/public/libertine/
LinLibertine_RZI.otf

*************************************************
* fontspec warning: "icu-feature-not-exist-in-font"
* 
* OpenType feature 'Numbers=Monospaced,Lining' (+tnum) not available for font
* 'LinLibertine_RZI' with script 'Latin' and language 'Default'.
*************************************************
*************************************************
* fontspec warning: "icu-feature-not-exist-in-font"
* 
* OpenType feature 'Numbers=Monospaced,Lining' (+tnum) not available for font
* 'LinLibertine_RZI' with script 'Latin' and language 'Default'.
*************************************************
.................................................
. fontspec info: "defining-font"
. 
. Font family 'LinLibertine(1)' created for font 'LinLibertine' with options [
. Ligatures = TeX , Extension = .otf , SmallCapsFeatures={Letters=SmallCaps} ,
. , Numbers = {Monospaced,Lining}, UprightFont = *_R, ItalicFont = *_RI,
. BoldFont = *_RZ, BoldItalicFont = *_RZI, ].
. 
. This font family consists of the following shapes:
. 
. * 'normal' with NFSS spec.:
. 
. <->"[LinLibertine_R.otf]/ICU:script=latn;language=DFLT;mapping=tex-text;+tnum
;+lnum;"
. 
. * 'small caps' with NFSS spec.:
. 
. <->"[LinLibertine_R.otf]/ICU:script=latn;language=DFLT;mapping=tex-text;+tnum
;+lnum;+smcp;+smcp;"
. 
. * 'bold' with NFSS spec.:
. 
. <->"[LinLibertine_RZ.otf]/ICU:script=latn;language=DFLT;mapping=tex-text;+tnu
m;+lnum;"
. 
. * 'bold small caps' with NFSS spec.:
. 
. <->"[LinLibertine_RZ.otf]/ICU:script=latn;language=DFLT;mapping=tex-text;+tnu
m;+lnum;+smcp;+smcp;"
. 
. * 'italic' with NFSS spec.:
. 
. <->"[LinLibertine_RI.otf]/ICU:script=latn;language=DFLT;mapping=tex-text;+tnu
m;+lnum;"
. 
. * 'italic small caps' with NFSS spec.:
. 
. <->"[LinLibertine_RI.otf]/ICU:script=latn;language=DFLT;mapping=tex-text;+tnu
m;+lnum;+smcp;+smcp;"
. 
. * 'bold italic' with NFSS spec.:
. 
. <->"[LinLibertine_RZI.otf]/ICU:script=latn;language=DFLT;mapping=tex-text;+ln
um;"
. 
. * 'bold italic small caps' with NFSS spec.:
. 
. <->"[LinLibertine_RZI.otf]/ICU:script=latn;language=DFLT;mapping=tex-text;+ln
um;+smcp;+smcp;"
.................................................
.................................................
. fontspec info: "defining-font"
. 
. Font family 'LinLibertine(2)' created for font 'LinLibertine' with options [
. Ligatures = TeX , Extension = .otf , SmallCapsFeatures={Letters=SmallCaps} ,
. , Numbers = {Monospaced,OldStyle}, UprightFont = *_R, ItalicFont = *_RI,
. BoldFont = *_RB, BoldItalicFont = *_RBI, ].
. 
. This font family consists of the following shapes:
. 
. * 'normal' with NFSS spec.:
. 
. <->"[LinLibertine_R.otf]/ICU:script=latn;language=DFLT;mapping=tex-text;+tnum
;+onum;"
. 
. * 'small caps' with NFSS spec.:
. 
. <->"[LinLibertine_R.otf]/ICU:script=latn;language=DFLT;mapping=tex-text;+tnum
;+onum;+smcp;+smcp;"
. 
. * 'bold' with NFSS spec.:
. 
. <->"[LinLibertine_RB.otf]/ICU:script=latn;language=DFLT;mapping=tex-text;+tnu
m;+onum;"
. 
. * 'bold small caps' with NFSS spec.:
. 
. <->"[LinLibertine_RB.otf]/ICU:script=latn;language=DFLT;mapping=tex-text;+tnu
m;+onum;+smcp;+smcp;"
. 
. * 'italic' with NFSS spec.:
. 
. <->"[LinLibertine_RI.otf]/ICU:script=latn;language=DFLT;mapping=tex-text;+tnu
m;+onum;"
. 
. * 'italic small caps' with NFSS spec.:
. 
. <->"[LinLibertine_RI.otf]/ICU:script=latn;language=DFLT;mapping=tex-text;+tnu
m;+onum;+smcp;+smcp;"
. 
. * 'bold italic' with NFSS spec.:
. 
. <->"[LinLibertine_RBI.otf]/ICU:script=latn;language=DFLT;mapping=tex-text;+tn
um;+onum;"
. 
. * 'bold italic small caps' with NFSS spec.:
. 
. <->"[LinLibertine_RBI.otf]/ICU:script=latn;language=DFLT;mapping=tex-text;+tn
um;+onum;+smcp;+smcp;"
.................................................
.................................................
. fontspec info: "defining-font"
. 
. Font family 'LinLibertine(0)' created for font 'LinLibertine' with options [
. Ligatures = TeX , Extension = .otf , SmallCapsFeatures={Letters=SmallCaps} ,
. , Numbers = {Monospaced,Lining}, UprightFont = *_R, ItalicFont = *_RI,
. BoldFont = *_RB, BoldItalicFont = *_RBI, ].
. 
. This font family consists of the following shapes:
.................................................
Requested font "[LinLibertine_DR.otf]/ICU" at 10.0pt
 -> /home/jeroen/local/texlive/2013/texmf-dist/fonts/opentype/public/libertine/
LinLibertine_DR.otf
.................................................
. fontspec info: "defining-font"
. 
. Font family 'LinLibertine(3)' created for font 'LinLibertine' with options [
. Ligatures = TeX , Extension = .otf , SmallCapsFeatures={Letters=SmallCaps} ,
. , Numbers = {Monospaced,Lining}, UprightFont = *_DR, ItalicFont = *_RI,
. BoldFont = *_RB, BoldItalicFont = *_RBI, ].
. 
. This font family consists of the following shapes:
. 
. * 'normal' with NFSS spec.:
. 
. <->"[LinLibertine_DR.otf]/ICU:script=latn;language=DFLT;mapping=tex-text;+tnu
m;+lnum;"
. 
. * 'bold' with NFSS spec.:
. 
. <->"[LinLibertine_RB.otf]/ICU:script=latn;language=DFLT;mapping=tex-text;+tnu
m;+lnum;"
. 
. * 'bold small caps' with NFSS spec.:
. 
. <->"[LinLibertine_RB.otf]/ICU:script=latn;language=DFLT;mapping=tex-text;+tnu
m;+lnum;+smcp;+smcp;"
. 
. * 'italic' with NFSS spec.:
. 
. <->"[LinLibertine_RI.otf]/ICU:script=latn;language=DFLT;mapping=tex-text;+tnu
m;+lnum;"
. 
. * 'italic small caps' with NFSS spec.:
. 
. <->"[LinLibertine_RI.otf]/ICU:script=latn;language=DFLT;mapping=tex-text;+tnu
m;+lnum;+smcp;+smcp;"
. 
. * 'bold italic' with NFSS spec.:
. 
. <->"[LinLibertine_RBI.otf]/ICU:script=latn;language=DFLT;mapping=tex-text;+tn
um;+lnum;"
. 
. * 'bold italic small caps' with NFSS spec.:
. 
. <->"[LinLibertine_RBI.otf]/ICU:script=latn;language=DFLT;mapping=tex-text;+tn
um;+lnum;+smcp;+smcp;"
.................................................
.................................................
. fontspec info: "defining-font"
. 
. Font family 'LinBiolinum(0)' created for font 'LinBiolinum' with options [
. Ligatures = TeX , Extension = .otf , SmallCapsFeatures={Letters=SmallCaps} ,
. , Numbers = {Monospaced, } , Scale = 1, UprightFont = *_R , ItalicFont =
. *_RI , BoldFont = *_RB , BoldItalicFont = *_RBO, ].
. 
. This font family consists of the following shapes:
.................................................
.................................................
. fontspec info: "defining-font"
. 
. Font family 'LinBiolinum(1)' created for font 'LinBiolinum' with options [
. Ligatures = TeX , Extension = .otf , SmallCapsFeatures={Letters=SmallCaps} ,
. , Numbers = {Monospaced, OldStyle} , Scale = 1, UprightFont = *_R ,
. ItalicFont = *_RI , BoldFont = *_RB , BoldItalicFont = *_RBO , ].
. 
. This font family consists of the following shapes:
. 
. * 'normal' with NFSS spec.:
. 
. <->s*[1]"[LinBiolinum_R.otf]/ICU:script=latn;language=DFLT;mapping=tex-text;+
tnum;+onum;"
. 
. * 'small caps' with NFSS spec.:
. 
. <->s*[1]"[LinBiolinum_R.otf]/ICU:script=latn;language=DFLT;mapping=tex-text;+
tnum;+onum;+smcp;+smcp;"
. 
. * 'bold' with NFSS spec.:
. 
. <->s*[1]"[LinBiolinum_RB.otf]/ICU:script=latn;language=DFLT;mapping=tex-text;
+tnum;+onum;"
. 
. * 'bold small caps' with NFSS spec.:
. 
. <->s*[1]"[LinBiolinum_RB.otf]/ICU:script=latn;language=DFLT;mapping=tex-text;
+tnum;+onum;+smcp;+smcp;"
. 
. * 'italic' with NFSS spec.:
. 
. <->s*[1]"[LinBiolinum_RI.otf]/ICU:script=latn;language=DFLT;mapping=tex-text;
+tnum;+onum;"
. 
. * 'italic small caps' with NFSS spec.:
. 
. <->s*[1]"[LinBiolinum_RI.otf]/ICU:script=latn;language=DFLT;mapping=tex-text;
+tnum;+onum;+smcp;+smcp;"
. 
. * 'bold italic' with NFSS spec.:
. 
. <->s*[1]"[LinBiolinum_RBO.otf]/ICU:script=latn;language=DFLT;mapping=tex-text
;+tnum;+onum;"
. 
. * 'bold italic small caps' with NFSS spec.:
. 
. <->s*[1]"[LinBiolinum_RBO.otf]/ICU:script=latn;language=DFLT;mapping=tex-text
;+tnum;+onum;+smcp;+smcp;"
.................................................
.................................................
. fontspec info: "defining-font"
. 
. Font family 'LinBiolinum(0)' created for font 'LinBiolinum' with options [
. Ligatures = TeX , Extension = .otf , SmallCapsFeatures={Letters=SmallCaps} ,
. , Numbers = {Monospaced} , Scale = 1, UprightFont = *_R , ItalicFont = *_RI
. , BoldFont = *_RB , BoldItalicFont = *_RBO , ].
. 
. This font family consists of the following shapes:
.................................................
Requested font "[LinLibertine_M.otf]/ICU" at 10.0pt
 -> /home/jeroen/local/texlive/2013/texmf-dist/fonts/opentype/public/libertine/
LinLibertine_M.otf
Requested font "[LinLibertine_MB.otf]/ICU" at 10.0pt
 -> /home/jeroen/local/texlive/2013/texmf-dist/fonts/opentype/public/libertine/
LinLibertine_MB.otf
Requested font "[LinLibertine_MO.otf]/ICU" at 10.0pt
 -> /home/jeroen/local/texlive/2013/texmf-dist/fonts/opentype/public/libertine/
LinLibertine_MO.otf
Requested font "[LinLibertine_MBO.otf]/ICU" at 10.0pt
 -> /home/jeroen/local/texlive/2013/texmf-dist/fonts/opentype/public/libertine/
LinLibertine_MBO.otf
.................................................
. fontspec info: "defining-font"
. 
. Font family 'LinLibertine(4)' created for font 'LinLibertine' with options [
. Extension = .otf , Scale = 1, UprightFont = *_M, ItalicFont = *_MO, BoldFont
. = *_MB, BoldItalicFont = *_MBO, ].
. 
. This font family consists of the following shapes:
. 
. * 'normal' with NFSS spec.:
. <->s*[1]"[LinLibertine_M.otf]/ICU:script=latn;language=DFLT;"
. 
. * 'bold' with NFSS spec.:
. <->s*[1]"[LinLibertine_MB.otf]/ICU:script=latn;language=DFLT;"
. 
. * 'italic' with NFSS spec.:
. <->s*[1]"[LinLibertine_MO.otf]/ICU:script=latn;language=DFLT;"
. 
. * 'bold italic' with NFSS spec.:
. <->s*[1]"[LinLibertine_MBO.otf]/ICU:script=latn;language=DFLT;"
.................................................
.................................................
. fontspec info: "defining-font"
. 
. Font family 'LinLibertine(4)' created for font 'LinLibertine' with options [
. Extension = .otf , Scale = 1, UprightFont = *_M, ItalicFont = *_MO, BoldFont
. = *_MB, BoldItalicFont = *_MBO, ].
. 
. This font family consists of the following shapes:
.................................................
Requested font "[LinBiolinum_K.otf]/ICU" at 10.0pt
 -> /home/jeroen/local/texlive/2013/texmf-dist/fonts/opentype/public/libertine/
LinBiolinum_K.otf
\g_fontspec_family_LinBiolinum_K_int=\count139
.................................................
. fontspec info: "defining-font"
. 
. Font family 'LinBiolinum_K(0)' created for font 'LinBiolinum_K' with options
. [ Extension = .otf ,BoldFont={},ItalicFont={},SmallCapsFont={},].
. 
. This font family consists of the following shapes:
. 
. * 'normal' with NFSS spec.:
. <->"[LinBiolinum_K.otf]/ICU:script=latn;language=DFLT;"
.................................................
Requested font "[LinLibertine_I.otf]/ICU" at 10.0pt
 -> /home/jeroen/local/texlive/2013/texmf-dist/fonts/opentype/public/libertine/
LinLibertine_I.otf
\g_fontspec_family_LinLibertine_I_int=\count140
.................................................
. fontspec info: "defining-font"
. 
. Font family 'LinLibertine_I(0)' created for font 'LinLibertine_I' with
. options [ Extension = .otf ,BoldFont={},ItalicFont={},SmallCapsFont={},].
. 
. This font family consists of the following shapes:
. 
. * 'normal' with NFSS spec.:
. <->"[LinLibertine_I.otf]/ICU:script=latn;language=DFLT;"
.................................................
LaTeX Info: Redefining \oldstylenums on input line 457.
LaTeX Info: Redefining \liningnums on input line 458.
.................................................
. fontspec info: "defining-font"
. 
. Font family 'LinLibertine(5)' created for font 'LinLibertine' with options [
. Extension = .otf , Numbers = {Monospaced,Lining}, UprightFont = *_R,
. ItalicFont = *_RI, BoldFont = *_RB, BoldItalicFont = *_RBI , ].
. 
. This font family consists of the following shapes:
. 
. * 'normal' with NFSS spec.:
. <->"[LinLibertine_R.otf]/ICU:script=latn;language=DFLT;+tnum;+lnum;"
. 
. * 'small caps' with NFSS spec.:
. <->"[LinLibertine_R.otf]/ICU:script=latn;language=DFLT;+tnum;+lnum;+smcp;"
. 
. * 'bold' with NFSS spec.:
. <->"[LinLibertine_RB.otf]/ICU:script=latn;language=DFLT;+tnum;+lnum;"
. 
. * 'bold small caps' with NFSS spec.:
. <->"[LinLibertine_RB.otf]/ICU:script=latn;language=DFLT;+tnum;+lnum;+smcp;"
. 
. * 'italic' with NFSS spec.:
. <->"[LinLibertine_RI.otf]/ICU:script=latn;language=DFLT;+tnum;+lnum;"
. 
. * 'italic small caps' with NFSS spec.:
. <->"[LinLibertine_RI.otf]/ICU:script=latn;language=DFLT;+tnum;+lnum;+smcp;"
. 
. * 'bold italic' with NFSS spec.:
. <->"[LinLibertine_RBI.otf]/ICU:script=latn;language=DFLT;+tnum;+lnum;"
. 
. * 'bold italic small caps' with NFSS spec.:
. 
. <->"[LinLibertine_RBI.otf]/ICU:script=latn;language=DFLT;+tnum;+lnum;+smcp;"
.................................................
.................................................
. fontspec info: "defining-font"
. 
. Font family 'LinLibertine(6)' created for font 'LinLibertine' with options [
. Extension = .otf , Numbers = {Proportional,Lining}, UprightFont = *_R,
. ItalicFont = *_RI, BoldFont = *_RB, BoldItalicFont = *_RBI, ].
. 
. This font family consists of the following shapes:
. 
. * 'normal' with NFSS spec.:
. <->"[LinLibertine_R.otf]/ICU:script=latn;language=DFLT;+pnum;+lnum;"
. 
. * 'small caps' with NFSS spec.:
. <->"[LinLibertine_R.otf]/ICU:script=latn;language=DFLT;+pnum;+lnum;+smcp;"
. 
. * 'bold' with NFSS spec.:
. <->"[LinLibertine_RB.otf]/ICU:script=latn;language=DFLT;+pnum;+lnum;"
. 
. * 'bold small caps' with NFSS spec.:
. <->"[LinLibertine_RB.otf]/ICU:script=latn;language=DFLT;+pnum;+lnum;+smcp;"
. 
. * 'italic' with NFSS spec.:
. <->"[LinLibertine_RI.otf]/ICU:script=latn;language=DFLT;+pnum;+lnum;"
. 
. * 'italic small caps' with NFSS spec.:
. <->"[LinLibertine_RI.otf]/ICU:script=latn;language=DFLT;+pnum;+lnum;+smcp;"
. 
. * 'bold italic' with NFSS spec.:
. <->"[LinLibertine_RBI.otf]/ICU:script=latn;language=DFLT;+pnum;+lnum;"
. 
. * 'bold italic small caps' with NFSS spec.:
. 
. <->"[LinLibertine_RBI.otf]/ICU:script=latn;language=DFLT;+pnum;+lnum;+smcp;"
.................................................
.................................................
. fontspec info: "defining-font"
. 
. Font family 'LinBiolinum(2)' created for font 'LinBiolinum' with options [
. Extension = .otf , Numbers = {Monospaced,}, Scale = 1, UprightFont = *_R,
. ItalicFont = *_RI, BoldFont = *_RB, BoldItalicFont = *_RBO , ].
. 
. This font family consists of the following shapes:
. 
. * 'normal' with NFSS spec.:
. <->s*[1]"[LinBiolinum_R.otf]/ICU:script=latn;language=DFLT;+tnum;"
. 
. * 'small caps' with NFSS spec.:
. <->s*[1]"[LinBiolinum_R.otf]/ICU:script=latn;language=DFLT;+tnum;+smcp;"
. 
. * 'bold' with NFSS spec.:
. <->s*[1]"[LinBiolinum_RB.otf]/ICU:script=latn;language=DFLT;+tnum;"
. 
. * 'bold small caps' with NFSS spec.:
. <->s*[1]"[LinBiolinum_RB.otf]/ICU:script=latn;language=DFLT;+tnum;+smcp;"
. 
. * 'italic' with NFSS spec.:
. <->s*[1]"[LinBiolinum_RI.otf]/ICU:script=latn;language=DFLT;+tnum;"
. 
. * 'italic small caps' with NFSS spec.:
. <->s*[1]"[LinBiolinum_RI.otf]/ICU:script=latn;language=DFLT;+tnum;+smcp;"
. 
. * 'bold italic' with NFSS spec.:
. <->s*[1]"[LinBiolinum_RBO.otf]/ICU:script=latn;language=DFLT;+tnum;"
. 
. * 'bold italic small caps' with NFSS spec.:
. <->s*[1]"[LinBiolinum_RBO.otf]/ICU:script=latn;language=DFLT;+tnum;+smcp;"
.................................................
.................................................
. fontspec info: "defining-font"
. 
. Font family 'LinBiolinum(3)' created for font 'LinBiolinum' with options [
. Extension = .otf , Numbers = {Proportional,}, Scale = 1, UprightFont = *_R,
. ItalicFont = *_RI, BoldFont = *_RB, BoldItalicFont = *_RBO , ].
. 
. This font family consists of the following shapes:
. 
. * 'normal' with NFSS spec.:
. <->s*[1]"[LinBiolinum_R.otf]/ICU:script=latn;language=DFLT;+pnum;"
. 
. * 'small caps' with NFSS spec.:
. <->s*[1]"[LinBiolinum_R.otf]/ICU:script=latn;language=DFLT;+pnum;+smcp;"
. 
. * 'bold' with NFSS spec.:
. <->s*[1]"[LinBiolinum_RB.otf]/ICU:script=latn;language=DFLT;+pnum;"
. 
. * 'bold small caps' with NFSS spec.:
. <->s*[1]"[LinBiolinum_RB.otf]/ICU:script=latn;language=DFLT;+pnum;+smcp;"
. 
. * 'italic' with NFSS spec.:
. <->s*[1]"[LinBiolinum_RI.otf]/ICU:script=latn;language=DFLT;+pnum;"
. 
. * 'italic small caps' with NFSS spec.:
. <->s*[1]"[LinBiolinum_RI.otf]/ICU:script=latn;language=DFLT;+pnum;+smcp;"
. 
. * 'bold italic' with NFSS spec.:
. <->s*[1]"[LinBiolinum_RBO.otf]/ICU:script=latn;language=DFLT;+pnum;"
. 
. * 'bold italic small caps' with NFSS spec.:
. <->s*[1]"[LinBiolinum_RBO.otf]/ICU:script=latn;language=DFLT;+pnum;+smcp;"
.................................................

(/home/jeroen/local/texlive/2013/texmf-dist/tex/latex/libertine/LinLibertine_R.
tex)
(/home/jeroen/local/texlive/2013/texmf-dist/tex/latex/libertine/LinBiolinum_R.t
ex)
(/home/jeroen/local/texlive/2013/texmf-dist/tex/latex/libertine/LinBiolinum_K.t
ex)
(/home/jeroen/local/texlive/2013/texmf-dist/tex/latex/libertine/LinLibertine_I.
tex) (/home/jeroen/local/texlive/2013/texmf-dist/tex/latex/libertine/LKey.tex))

(/home/jeroen/local/texlive/2013/texmf-dist/tex/latex/pgf/frontendlayer/tikz.st
y (/home/jeroen/local/texlive/2013/texmf-dist/tex/latex/pgf/basiclayer/pgf.sty
(/home/jeroen/local/texlive/2013/texmf-dist/tex/latex/pgf/utilities/pgfrcs.sty
(/home/jeroen/local/texlive/2013/texmf-dist/tex/generic/pgf/utilities/pgfutil-c
ommon.tex
\pgfutil@everybye=\toks25
\pgfutil@tempdima=\dimen149
\pgfutil@tempdimb=\dimen150

(/home/jeroen/local/texlive/2013/texmf-dist/tex/generic/pgf/utilities/pgfutil-c
ommon-lists.tex))
(/home/jeroen/local/texlive/2013/texmf-dist/tex/generic/pgf/utilities/pgfutil-l
atex.def
\pgfutil@abb=\box45
 (/home/jeroen/local/texlive/2013/texmf-dist/tex/latex/ms/everyshi.sty
Package: everyshi 2001/05/15 v3.00 EveryShipout Package (MS)
))
(/home/jeroen/local/texlive/2013/texmf-dist/tex/generic/pgf/utilities/pgfrcs.co
de.tex
Package: pgfrcs 2013/12/20 v3.0.0 (rcs-revision 1.28)
))
Package: pgf 2013/12/18 v3.0.0 (rcs-revision 1.14)

(/home/jeroen/local/texlive/2013/texmf-dist/tex/latex/pgf/basiclayer/pgfcore.st
y
(/home/jeroen/local/texlive/2013/texmf-dist/tex/latex/pgf/systemlayer/pgfsys.st
y
(/home/jeroen/local/texlive/2013/texmf-dist/tex/generic/pgf/systemlayer/pgfsys.
code.tex
Package: pgfsys 2013/11/30 v3.0.0 (rcs-revision 1.47)

(/home/jeroen/local/texlive/2013/texmf-dist/tex/generic/pgf/utilities/pgfkeys.c
ode.tex
\pgfkeys@pathtoks=\toks26
\pgfkeys@temptoks=\toks27

(/home/jeroen/local/texlive/2013/texmf-dist/tex/generic/pgf/utilities/pgfkeysfi
ltered.code.tex
\pgfkeys@tmptoks=\toks28
))
\pgf@x=\dimen151
\pgf@y=\dimen152
\pgf@xa=\dimen153
\pgf@ya=\dimen154
\pgf@xb=\dimen155
\pgf@yb=\dimen156
\pgf@xc=\dimen157
\pgf@yc=\dimen158
\w@pgf@writea=\write3
\r@pgf@reada=\read2
\c@pgf@counta=\count141
\c@pgf@countb=\count142
\c@pgf@countc=\count143
\c@pgf@countd=\count144
\t@pgf@toka=\toks29
\t@pgf@tokb=\toks30
\t@pgf@tokc=\toks31

(/home/jeroen/local/texlive/2013/texmf-dist/tex/generic/pgf/systemlayer/pgf.cfg
File: pgf.cfg 2008/05/14  (rcs-revision 1.7)
)
Driver file for pgf: pgfsys-xetex.def

(/home/jeroen/local/texlive/2013/texmf-dist/tex/generic/pgf/systemlayer/pgfsys-
xetex.def
File: pgfsys-xetex.def 2013/07/16  (rcs-revision 1.9)

(/home/jeroen/local/texlive/2013/texmf-dist/tex/generic/pgf/systemlayer/pgfsys-
dvipdfmx.def
File: pgfsys-dvipdfmx.def 2013/08/28  (rcs-revision 1.12)

(/home/jeroen/local/texlive/2013/texmf-dist/tex/generic/pgf/systemlayer/pgfsys-
common-pdf.def
File: pgfsys-common-pdf.def 2013/10/10  (rcs-revision 1.13)
)
\pgfsys@objnum=\count145
)))
(/home/jeroen/local/texlive/2013/texmf-dist/tex/generic/pgf/systemlayer/pgfsyss
oftpath.code.tex
File: pgfsyssoftpath.code.tex 2013/09/09  (rcs-revision 1.9)
\pgfsyssoftpath@smallbuffer@items=\count146
\pgfsyssoftpath@bigbuffer@items=\count147
)
(/home/jeroen/local/texlive/2013/texmf-dist/tex/generic/pgf/systemlayer/pgfsysp
rotocol.code.tex
File: pgfsysprotocol.code.tex 2006/10/16  (rcs-revision 1.4)
))
(/home/jeroen/local/texlive/2013/texmf-dist/tex/generic/pgf/basiclayer/pgfcore.
code.tex
Package: pgfcore 2010/04/11 v3.0.0 (rcs-revision 1.7)

(/home/jeroen/local/texlive/2013/texmf-dist/tex/generic/pgf/math/pgfmath.code.t
ex
(/home/jeroen/local/texlive/2013/texmf-dist/tex/generic/pgf/math/pgfmathcalc.co
de.tex
(/home/jeroen/local/texlive/2013/texmf-dist/tex/generic/pgf/math/pgfmathutil.co
de.tex)
(/home/jeroen/local/texlive/2013/texmf-dist/tex/generic/pgf/math/pgfmathparser.
code.tex
\pgfmath@dimen=\dimen159
\pgfmath@count=\count148
\pgfmath@box=\box46
\pgfmath@toks=\toks32
\pgfmath@stack@operand=\toks33
\pgfmath@stack@operation=\toks34
)
(/home/jeroen/local/texlive/2013/texmf-dist/tex/generic/pgf/math/pgfmathfunctio
ns.code.tex
(/home/jeroen/local/texlive/2013/texmf-dist/tex/generic/pgf/math/pgfmathfunctio
ns.basic.code.tex)
(/home/jeroen/local/texlive/2013/texmf-dist/tex/generic/pgf/math/pgfmathfunctio
ns.trigonometric.code.tex)
(/home/jeroen/local/texlive/2013/texmf-dist/tex/generic/pgf/math/pgfmathfunctio
ns.random.code.tex)
(/home/jeroen/local/texlive/2013/texmf-dist/tex/generic/pgf/math/pgfmathfunctio
ns.comparison.code.tex)
(/home/jeroen/local/texlive/2013/texmf-dist/tex/generic/pgf/math/pgfmathfunctio
ns.base.code.tex)
(/home/jeroen/local/texlive/2013/texmf-dist/tex/generic/pgf/math/pgfmathfunctio
ns.round.code.tex)
(/home/jeroen/local/texlive/2013/texmf-dist/tex/generic/pgf/math/pgfmathfunctio
ns.misc.code.tex)
(/home/jeroen/local/texlive/2013/texmf-dist/tex/generic/pgf/math/pgfmathfunctio
ns.integerarithmetics.code.tex)))
(/home/jeroen/local/texlive/2013/texmf-dist/tex/generic/pgf/math/pgfmathfloat.c
ode.tex
\c@pgfmathroundto@lastzeros=\count149
))
(/home/jeroen/local/texlive/2013/texmf-dist/tex/generic/pgf/basiclayer/pgfcorep
oints.code.tex
File: pgfcorepoints.code.tex 2013/10/07  (rcs-revision 1.27)
\pgf@picminx=\dimen160
\pgf@picmaxx=\dimen161
\pgf@picminy=\dimen162
\pgf@picmaxy=\dimen163
\pgf@pathminx=\dimen164
\pgf@pathmaxx=\dimen165
\pgf@pathminy=\dimen166
\pgf@pathmaxy=\dimen167
\pgf@xx=\dimen168
\pgf@xy=\dimen169
\pgf@yx=\dimen170
\pgf@yy=\dimen171
\pgf@zx=\dimen172
\pgf@zy=\dimen173
)
(/home/jeroen/local/texlive/2013/texmf-dist/tex/generic/pgf/basiclayer/pgfcorep
athconstruct.code.tex
File: pgfcorepathconstruct.code.tex 2013/10/07  (rcs-revision 1.29)
\pgf@path@lastx=\dimen174
\pgf@path@lasty=\dimen175
)
(/home/jeroen/local/texlive/2013/texmf-dist/tex/generic/pgf/basiclayer/pgfcorep
athusage.code.tex
File: pgfcorepathusage.code.tex 2013/12/13  (rcs-revision 1.23)
\pgf@shorten@end@additional=\dimen176
\pgf@shorten@start@additional=\dimen177
)
(/home/jeroen/local/texlive/2013/texmf-dist/tex/generic/pgf/basiclayer/pgfcores
copes.code.tex
File: pgfcorescopes.code.tex 2013/10/09  (rcs-revision 1.44)
\pgfpic=\box47
\pgf@hbox=\box48
\pgf@layerbox@main=\box49
\pgf@picture@serial@count=\count150
)
(/home/jeroen/local/texlive/2013/texmf-dist/tex/generic/pgf/basiclayer/pgfcoreg
raphicstate.code.tex
File: pgfcoregraphicstate.code.tex 2013/09/19  (rcs-revision 1.11)
\pgflinewidth=\dimen178
)
(/home/jeroen/local/texlive/2013/texmf-dist/tex/generic/pgf/basiclayer/pgfcoret
ransformations.code.tex
File: pgfcoretransformations.code.tex 2013/10/10  (rcs-revision 1.17)
\pgf@pt@x=\dimen179
\pgf@pt@y=\dimen180
\pgf@pt@temp=\dimen181
)
(/home/jeroen/local/texlive/2013/texmf-dist/tex/generic/pgf/basiclayer/pgfcoreq
uick.code.tex
File: pgfcorequick.code.tex 2008/10/09  (rcs-revision 1.3)
)
(/home/jeroen/local/texlive/2013/texmf-dist/tex/generic/pgf/basiclayer/pgfcoreo
bjects.code.tex
File: pgfcoreobjects.code.tex 2006/10/11  (rcs-revision 1.2)
)
(/home/jeroen/local/texlive/2013/texmf-dist/tex/generic/pgf/basiclayer/pgfcorep
athprocessing.code.tex
File: pgfcorepathprocessing.code.tex 2013/09/09  (rcs-revision 1.9)
)
(/home/jeroen/local/texlive/2013/texmf-dist/tex/generic/pgf/basiclayer/pgfcorea
rrows.code.tex
File: pgfcorearrows.code.tex 2013/11/07  (rcs-revision 1.40)
\pgfarrowsep=\dimen182
)
(/home/jeroen/local/texlive/2013/texmf-dist/tex/generic/pgf/basiclayer/pgfcores
hade.code.tex
File: pgfcoreshade.code.tex 2013/07/15  (rcs-revision 1.15)
\pgf@max=\dimen183
\pgf@sys@shading@range@num=\count151
)
(/home/jeroen/local/texlive/2013/texmf-dist/tex/generic/pgf/basiclayer/pgfcorei
mage.code.tex
File: pgfcoreimage.code.tex 2013/07/15  (rcs-revision 1.18)

(/home/jeroen/local/texlive/2013/texmf-dist/tex/generic/pgf/basiclayer/pgfcoree
xternal.code.tex
File: pgfcoreexternal.code.tex 2013/07/15  (rcs-revision 1.20)
\pgfexternal@startupbox=\box50
))
(/home/jeroen/local/texlive/2013/texmf-dist/tex/generic/pgf/basiclayer/pgfcorel
ayers.code.tex
File: pgfcorelayers.code.tex 2013/07/18  (rcs-revision 1.7)
)
(/home/jeroen/local/texlive/2013/texmf-dist/tex/generic/pgf/basiclayer/pgfcoret
ransparency.code.tex
File: pgfcoretransparency.code.tex 2013/09/30  (rcs-revision 1.5)
)
(/home/jeroen/local/texlive/2013/texmf-dist/tex/generic/pgf/basiclayer/pgfcorep
atterns.code.tex
File: pgfcorepatterns.code.tex 2013/11/07  (rcs-revision 1.5)
)))
(/home/jeroen/local/texlive/2013/texmf-dist/tex/generic/pgf/modules/pgfmodulesh
apes.code.tex
File: pgfmoduleshapes.code.tex 2013/10/31  (rcs-revision 1.34)
\pgfnodeparttextbox=\box51
)
(/home/jeroen/local/texlive/2013/texmf-dist/tex/generic/pgf/modules/pgfmodulepl
ot.code.tex
File: pgfmoduleplot.code.tex 2013/07/31  (rcs-revision 1.12)
)
(/home/jeroen/local/texlive/2013/texmf-dist/tex/latex/pgf/compatibility/pgfcomp
-version-0-65.sty
Package: pgfcomp-version-0-65 2007/07/03 v3.0.0 (rcs-revision 1.7)
\pgf@nodesepstart=\dimen184
\pgf@nodesepend=\dimen185
)
(/home/jeroen/local/texlive/2013/texmf-dist/tex/latex/pgf/compatibility/pgfcomp
-version-1-18.sty
Package: pgfcomp-version-1-18 2007/07/23 v3.0.0 (rcs-revision 1.1)
))
(/home/jeroen/local/texlive/2013/texmf-dist/tex/latex/pgf/utilities/pgffor.sty
(/home/jeroen/local/texlive/2013/texmf-dist/tex/latex/pgf/utilities/pgfkeys.sty

(/home/jeroen/local/texlive/2013/texmf-dist/tex/generic/pgf/utilities/pgfkeys.c
ode.tex))
(/home/jeroen/local/texlive/2013/texmf-dist/tex/latex/pgf/math/pgfmath.sty
(/home/jeroen/local/texlive/2013/texmf-dist/tex/generic/pgf/math/pgfmath.code.t
ex))
(/home/jeroen/local/texlive/2013/texmf-dist/tex/generic/pgf/utilities/pgffor.co
de.tex
Package: pgffor 2013/12/13 v3.0.0 (rcs-revision 1.25)

(/home/jeroen/local/texlive/2013/texmf-dist/tex/generic/pgf/math/pgfmath.code.t
ex)
\pgffor@iter=\dimen186
\pgffor@skip=\dimen187
\pgffor@stack=\toks35
\pgffor@toks=\toks36
))
(/home/jeroen/local/texlive/2013/texmf-dist/tex/generic/pgf/frontendlayer/tikz/
tikz.code.tex
Package: tikz 2013/12/13 v3.0.0 (rcs-revision 1.142)

(/home/jeroen/local/texlive/2013/texmf-dist/tex/generic/pgf/libraries/pgflibrar
yplothandlers.code.tex
File: pgflibraryplothandlers.code.tex 2013/08/31 v3.0.0 (rcs-revision 1.20)
\pgf@plot@mark@count=\count152
\pgfplotmarksize=\dimen188
)
\tikz@lastx=\dimen189
\tikz@lasty=\dimen190
\tikz@lastxsaved=\dimen191
\tikz@lastysaved=\dimen192
\tikzleveldistance=\dimen193
\tikzsiblingdistance=\dimen194
\tikz@figbox=\box52
\tikz@figbox@bg=\box53
\tikz@tempbox=\box54
\tikz@tempbox@bg=\box55
\tikztreelevel=\count153
\tikznumberofchildren=\count154
\tikznumberofcurrentchild=\count155
\tikz@fig@count=\count156

(/home/jeroen/local/texlive/2013/texmf-dist/tex/generic/pgf/modules/pgfmodulema
trix.code.tex
File: pgfmodulematrix.code.tex 2013/09/17  (rcs-revision 1.8)
\pgfmatrixcurrentrow=\count157
\pgfmatrixcurrentcolumn=\count158
\pgf@matrix@numberofcolumns=\count159
)
\tikz@expandcount=\count160

(/home/jeroen/local/texlive/2013/texmf-dist/tex/generic/pgf/frontendlayer/tikz/
libraries/tikzlibrarytopaths.code.tex
File: tikzlibrarytopaths.code.tex 2008/06/17 v3.0.0 (rcs-revision 1.2)
)))
(/home/jeroen/local/texlive/2013/texmf-dist/tex/generic/pgf/frontendlayer/tikz/
libraries/tikzlibraryintersections.code.tex
(/home/jeroen/local/texlive/2013/texmf-dist/tex/generic/pgf/libraries/pgflibrar
yintersections.code.tex
\pgf@intersect@solutions=\count161
))
(/home/jeroen/local/texlive/2013/texmf-dist/tex/generic/pgf/frontendlayer/tikz/
libraries/tikzlibraryarrows.code.tex
File: tikzlibraryarrows.code.tex 2008/01/09 v3.0.0 (rcs-revision 1.1)

(/home/jeroen/local/texlive/2013/texmf-dist/tex/generic/pgf/libraries/pgflibrar
yarrows.code.tex
File: pgflibraryarrows.code.tex 2013/09/23 v3.0.0 (rcs-revision 1.16)
\arrowsize=\dimen195
))
(/home/jeroen/local/texlive/2013/texmf-dist/tex/generic/pgf/frontendlayer/tikz/
libraries/tikzlibrarycalc.code.tex
File: tikzlibrarycalc.code.tex 2013/07/15 v3.0.0 (rcs-revision 1.9)
)
(/home/jeroen/local/texlive/2013/texmf-dist/tex/latex/preview/preview.sty
Package: preview 2010/02/14 11.86 (AUCTeX/preview-latex)

(/home/jeroen/local/texlive/2013/texmf-dist/tex/latex/preview/prtightpage.def
\PreviewBorder=\dimen196
)
(/home/jeroen/local/texlive/2013/texmf-dist/tex/latex/preview/prtightpage.def)
\pr@snippet=\count162
\pr@box=\box56
\pr@output=\toks37
) (./b-d-triangle.aux)
\openout1 = `b-d-triangle.aux'.

LaTeX Font Info:    Checking defaults for OML/cmm/m/it on input line 25.
LaTeX Font Info:    ... okay on input line 25.
LaTeX Font Info:    Checking defaults for T1/cmr/m/n on input line 25.
LaTeX Font Info:    ... okay on input line 25.
LaTeX Font Info:    Checking defaults for OT1/cmr/m/n on input line 25.
LaTeX Font Info:    ... okay on input line 25.
LaTeX Font Info:    Checking defaults for OMS/cmsy/m/n on input line 25.
LaTeX Font Info:    ... okay on input line 25.
LaTeX Font Info:    Checking defaults for OMX/cmex/m/n on input line 25.
LaTeX Font Info:    ... okay on input line 25.
LaTeX Font Info:    Checking defaults for U/cmr/m/n on input line 25.
LaTeX Font Info:    ... okay on input line 25.
LaTeX Font Info:    Checking defaults for EU1/lmr/m/n on input line 25.
LaTeX Font Info:    ... okay on input line 25.
LaTeX Font Info:    Checking defaults for T3/cmr/m/n on input line 25.
LaTeX Font Info:    Try loading font information for T3+cmr on input line 25.

(/home/jeroen/local/texlive/2013/texmf-dist/tex/latex/tipa/t3cmr.fd
File: t3cmr.fd 2001/12/31 TIPA font definitions
)
LaTeX Font Info:    ... okay on input line 25.
LaTeX Font Info:    Checking defaults for TS1/cmr/m/n on input line 25.
LaTeX Font Info:    Try loading font information for TS1+cmr on input line 25.

(/home/jeroen/local/texlive/2013/texmf-dist/tex/latex/base/ts1cmr.fd
File: ts1cmr.fd 1999/05/25 v2.5h Standard LaTeX font definitions
)
LaTeX Font Info:    ... okay on input line 25.
Requested font "[LinLibertine_R.otf]/ICU:script=latn;language=DFLT;mapping=tex-
text;+tnum;+lnum;" at 10.95pt
 -> /home/jeroen/local/texlive/2013/texmf-dist/fonts/opentype/public/libertine/
LinLibertine_R.otf
.................................................
. fontspec info: "setup-math"
. 
. Adjusting the maths setup (use [no-math] to avoid this).
.................................................
\symlegacymaths=\mathgroup4
LaTeX Font Info:    Overwriting symbol font `legacymaths' in version `bold'
(Font)                  OT1/cmr/m/n --> OT1/cmr/bx/n on input line 25.
LaTeX Font Info:    Redeclaring math accent \acute on input line 25.
LaTeX Font Info:    Redeclaring math accent \grave on input line 25.
LaTeX Font Info:    Redeclaring math accent \ddot on input line 25.
LaTeX Font Info:    Redeclaring math accent \tilde on input line 25.
LaTeX Font Info:    Redeclaring math accent \bar on input line 25.
LaTeX Font Info:    Redeclaring math accent \breve on input line 25.
LaTeX Font Info:    Redeclaring math accent \check on input line 25.
LaTeX Font Info:    Redeclaring math accent \hat on input line 25.
LaTeX Font Info:    Redeclaring math accent \dot on input line 25.
LaTeX Font Info:    Redeclaring math accent \mathring on input line 25.
LaTeX Font Info:    Redeclaring math symbol \Gamma on input line 25.
LaTeX Font Info:    Redeclaring math symbol \Delta on input line 25.
LaTeX Font Info:    Redeclaring math symbol \Theta on input line 25.
LaTeX Font Info:    Redeclaring math symbol \Lambda on input line 25.
LaTeX Font Info:    Redeclaring math symbol \Xi on input line 25.
LaTeX Font Info:    Redeclaring math symbol \Pi on input line 25.
LaTeX Font Info:    Redeclaring math symbol \Sigma on input line 25.
LaTeX Font Info:    Redeclaring math symbol \Upsilon on input line 25.
LaTeX Font Info:    Redeclaring math symbol \Phi on input line 25.
LaTeX Font Info:    Redeclaring math symbol \Psi on input line 25.
LaTeX Font Info:    Redeclaring math symbol \Omega on input line 25.
LaTeX Font Info:    Redeclaring math symbol \mathdollar on input line 25.
LaTeX Font Info:    Redeclaring symbol font `operators' on input line 25.
LaTeX Font Info:    Encoding `OT1' has changed to `EU1' for symbol font
(Font)              `operators' in the math version `normal' on input line 25.
LaTeX Font Info:    Overwriting symbol font `operators' in version `normal'
(Font)                  OT1/cmr/m/n --> EU1/LinLibertine(0)/m/n on input line 2
5.
LaTeX Font Info:    Encoding `OT1' has changed to `EU1' for symbol font
(Font)              `operators' in the math version `bold' on input line 25.
LaTeX Font Info:    Overwriting symbol font `operators' in version `bold'
(Font)                  OT1/cmr/bx/n --> EU1/LinLibertine(0)/m/n on input line 
25.
LaTeX Font Info:    Overwriting symbol font `operators' in version `normal'
(Font)                  EU1/LinLibertine(0)/m/n --> EU1/LinLibertine(0)/m/n on 
input line 25.
LaTeX Font Info:    Overwriting math alphabet `\mathrm' in version `normal'
(Font)                  EU1/LinLibertine(0)/m/n --> EU1/LinLibertine(0)/m/n on 
input line 25.
LaTeX Font Info:    Overwriting math alphabet `\mathit' in version `normal'
(Font)                  OT1/cmr/m/it --> EU1/LinLibertine(0)/m/it on input line
 25.
LaTeX Font Info:    Overwriting math alphabet `\mathbf' in version `normal'
(Font)                  OT1/cmr/bx/n --> EU1/LinLibertine(0)/bx/n on input line
 25.
LaTeX Font Info:    Overwriting math alphabet `\mathsf' in version `normal'
(Font)                  OT1/cmss/m/n --> EU1/LinBiolinum(0)/m/n on input line 2
5.
LaTeX Font Info:    Overwriting math alphabet `\mathtt' in version `normal'
(Font)                  OT1/cmtt/m/n --> EU1/LinLibertine(4)/m/n on input line 
25.
LaTeX Font Info:    Overwriting symbol font `operators' in version `bold'
(Font)                  EU1/LinLibertine(0)/m/n --> EU1/LinLibertine(0)/bx/n on
 input line 25.
LaTeX Font Info:    Overwriting math alphabet `\mathrm' in version `bold'
(Font)                  EU1/LinLibertine(0)/m/n --> EU1/LinLibertine(0)/bx/n on
 input line 25.
LaTeX Font Info:    Overwriting math alphabet `\mathit' in version `bold'
(Font)                  OT1/cmr/bx/it --> EU1/LinLibertine(0)/bx/it on input li
ne 25.
LaTeX Font Info:    Overwriting math alphabet `\mathsf' in version `bold'
(Font)                  OT1/cmss/bx/n --> EU1/LinBiolinum(0)/bx/n on input line
 25.
LaTeX Font Info:    Overwriting math alphabet `\mathtt' in version `bold'
(Font)                  OT1/cmtt/m/n --> EU1/LinLibertine(4)/bx/n on input line
 25.

ABD: EveryShipout initializing macros
Preview: Fontsize 10.95pt
Preview: PDFoutput 1
LaTeX Font Info:    Font shape `EU1/LinBiolinum(0)/m/n' will be
(Font)              scaled to size 10.95pt on input line 26.
Requested font "[LinBiolinum_R.otf]/ICU:script=latn;language=DFLT;mapping=tex-t
ext;+tnum;" at 10.95pt
 -> /home/jeroen/local/texlive/2013/texmf-dist/fonts/opentype/public/libertine/
LinBiolinum_R.otf
Requested font "[LinLibertine_R.otf]/ICU:script=latn;language=DFLT;mapping=tex-
text;+tnum;+lnum;" at 8.0pt
 -> /home/jeroen/local/texlive/2013/texmf-dist/fonts/opentype/public/libertine/
LinLibertine_R.otf
Requested font "[LinLibertine_R.otf]/ICU:script=latn;language=DFLT;mapping=tex-
text;+tnum;+lnum;" at 6.0pt
 -> /home/jeroen/local/texlive/2013/texmf-dist/fonts/opentype/public/libertine/
LinLibertine_R.otf
Requested font "cmmi10" at 10.95pt
 -> /home/jeroen/local/texlive/2013/texmf-dist/fonts/tfm/public/cm/cmmi10.tfm
Requested font "cmmi8" at 8.0pt
 -> /home/jeroen/local/texlive/2013/texmf-dist/fonts/tfm/public/cm/cmmi8.tfm
Requested font "cmmi6" at 6.0pt
 -> /home/jeroen/local/texlive/2013/texmf-dist/fonts/tfm/public/cm/cmmi6.tfm
Requested font "cmsy10" at 10.95pt
 -> /home/jeroen/local/texlive/2013/texmf-dist/fonts/tfm/public/cm/cmsy10.tfm
Requested font "cmsy8" at 8.0pt
 -> /home/jeroen/local/texlive/2013/texmf-dist/fonts/tfm/public/cm/cmsy8.tfm
Requested font "cmsy6" at 6.0pt
 -> /home/jeroen/local/texlive/2013/texmf-dist/fonts/tfm/public/cm/cmsy6.tfm
Requested font "cmex10" at 10.95pt
 -> /home/jeroen/local/texlive/2013/texmf-dist/fonts/tfm/public/cm/cmex10.tfm
Requested font "cmex8" at 8.0pt
 -> /home/jeroen/local/texlive/2013/texmf-dist/fonts/tfm/public/amsfonts/cmextr
a/cmex8.tfm
Requested font "cmex7" at 6.0pt
 -> /home/jeroen/local/texlive/2013/texmf-dist/fonts/tfm/public/amsfonts/cmextr
a/cmex7.tfm
Requested font "cmr8" at 8.0pt
 -> /home/jeroen/local/texlive/2013/texmf-dist/fonts/tfm/public/cm/cmr8.tfm
Requested font "cmr6" at 6.0pt
 -> /home/jeroen/local/texlive/2013/texmf-dist/fonts/tfm/public/cm/cmr6.tfm
LaTeX Font Info:    Font shape `EU1/LinBiolinum(0)/m/n' will be
(Font)              scaled to size 9.0pt on input line 49.
Requested font "[LinBiolinum_R.otf]/ICU:script=latn;language=DFLT;mapping=tex-t
ext;+tnum;" at 9.0pt
 -> /home/jeroen/local/texlive/2013/texmf-dist/fonts/opentype/public/libertine/
LinBiolinum_R.otf
Requested font "[LinLibertine_R.otf]/ICU:script=latn;language=DFLT;mapping=tex-
text;+tnum;+lnum;" at 9.0pt
 -> /home/jeroen/local/texlive/2013/texmf-dist/fonts/opentype/public/libertine/
LinLibertine_R.otf
Requested font "[LinLibertine_R.otf]/ICU:script=latn;language=DFLT;mapping=tex-
text;+tnum;+lnum;" at 5.0pt
 -> /home/jeroen/local/texlive/2013/texmf-dist/fonts/opentype/public/libertine/
LinLibertine_R.otf
Requested font "cmmi9" at 9.0pt
 -> /home/jeroen/local/texlive/2013/texmf-dist/fonts/tfm/public/cm/cmmi9.tfm
Requested font "cmsy9" at 9.0pt
 -> /home/jeroen/local/texlive/2013/texmf-dist/fonts/tfm/public/cm/cmsy9.tfm
Requested font "cmex9" at 9.0pt
 -> /home/jeroen/local/texlive/2013/texmf-dist/fonts/tfm/public/amsfonts/cmextr
a/cmex9.tfm
Requested font "cmex7" at 5.0pt
 -> /home/jeroen/local/texlive/2013/texmf-dist/fonts/tfm/public/amsfonts/cmextr
a/cmex7.tfm
Requested font "cmr9" at 9.0pt
 -> /home/jeroen/local/texlive/2013/texmf-dist/fonts/tfm/public/cm/cmr9.tfm
LaTeX Font Info:    Font shape `EU1/LinBiolinum(0)/m/n' will be
(Font)              scaled to size 8.0pt on input line 54.
Requested font "[LinBiolinum_R.otf]/ICU:script=latn;language=DFLT;mapping=tex-t
ext;+tnum;" at 8.0pt
 -> /home/jeroen/local/texlive/2013/texmf-dist/fonts/opentype/public/libertine/
LinBiolinum_R.otf
LaTeX Font Info:    Font shape `EU1/LinBiolinum(0)/m/n' will be
(Font)              scaled to size 6.0pt on input line 54.
Requested font "[LinBiolinum_R.otf]/ICU:script=latn;language=DFLT;mapping=tex-t
ext;+tnum;" at 6.0pt
 -> /home/jeroen/local/texlive/2013/texmf-dist/fonts/opentype/public/libertine/
LinBiolinum_R.otf
Preview: Tightpage -65536 -65536 65536 65536
[1] [1

] [2] (./b-d-triangle.aux) ) 
Here is how much of TeX's memory you used:
 34686 strings out of 493918
 745219 string characters out of 6145480
 634510 words of memory out of 5000000
 37553 multiletter control sequences out of 15000+600000
 9072 words of font info for 63 fonts, out of 8000000 for 9000
 1144 hyphenation exceptions out of 8191
 55i,11n,56p,10453b,752s stack positions out of 5000i,500n,10000p,200000b,80000s

Output written on b-d-triangle.pdf (3 pages).
